<?xml version="1.0" encoding="UTF-8"?>
<testsuite xmlns:xsi="http://www.w3.org/2001/XMLSchema-instance" xsi:noNamespaceSchemaLocation="https://maven.apache.org/surefire/maven-surefire-plugin/xsd/surefire-test-report-3.0.xsd" version="3.0" name="com.project.detectsymptom.HealthSymptomizerApplicationTests" time="1.452" tests="1" errors="0" skipped="0" failures="0">
  <properties>
[...]
</properties>
  <testcase name="contextLoads" classname="com.project.detectsymptom.HealthSymptomizerApplicationTests" time="0.476">
    <system-out><![CDATA[Standard Commons Logging discovery in action with spring-jcl: please remove commons-logging.jar from classpath in order to avoid potential conflicts
00:39:02.459 [main] INFO org.springframework.test.context.support.AnnotationConfigContextLoaderUtils -- Could not detect default configuration classes for test class [com.project.detectsymptom.HealthSymptomizerApplicationTests]: HealthSymptomizerApplicationTests does not declare any static, non-private, non-final, nested classes annotated with @Configuration.
00:39:02.512 [main] INFO org.springframework.boot.test.context.SpringBootTestContextBootstrapper -- Found @SpringBootConfiguration com.project.detectsymptom.HealthSymptomizerApplication for test class com.project.detectsymptom.HealthSymptomizerApplicationTests

  .   ____          _            __ _ _
 /\\ / ___'_ __ _ _(_)_ __  __ _ \ \ \ \
( ( )\___ | '_ | '_| | '_ \/ _` | \ \ \ \
 \\/  ___)| |_)| | | | | || (_| |  ) ) ) )
  '  |____| .__|_| |_|_| |_\__, | / / / /
 =========|_|==============|___/=/_/_/_/
 :: Spring Boot ::                (v3.2.2)

2024-03-30T00:39:02.708+05:30  INFO 388340 --- [           main] c.p.d.HealthSymptomizerApplicationTests  : Starting HealthSymptomizerApplicationTests using Java 21.0.2 with PID 388340 (started by harsh in /home/harsh/Downloads/detect-symptom)
2024-03-30T00:39:02.709+05:30  INFO 388340 --- [           main] c.p.d.HealthSymptomizerApplicationTests  : No active profile set, falling back to 1 default profile: "default"
2024-03-30T00:39:03.169+05:30  INFO 388340 --- [           main] o.s.b.a.w.s.WelcomePageHandlerMapping    : Adding welcome page template: index
2024-03-30T00:39:03.327+05:30  INFO 388340 --- [           main] c.p.d.HealthSymptomizerApplicationTests  : Started HealthSymptomizerApplicationTests in 0.75 seconds (process running for 1.274)
]]></system-out>
    <system-err><![CDATA[WARNING: A Java agent has been loaded dynamically (/home/harsh/.m2/repository/net/bytebuddy/byte-buddy-agent/1.14.11/byte-buddy-agent-1.14.11.jar)
WARNING: If a serviceability tool is in use, please run with -XX:+EnableDynamicAgentLoading to hide this warning
WARNING: If a serviceability tool is not in use, please run with -Djdk.instrument.traceUsage for more information
WARNING: Dynamic loading of agents will be disallowed by default in a future release
]]></system-err>
  </testcase>
</testsuite>